CRITICAL - 2023-09-30 10:42:55 --> Namespace declaration statement has to be the very first statement or after any declare call in the script
in APPPATH\Controllers\Login2.php on line 20.
 1 [internal function]: CodeIgniter\Debug\Exceptions->shutdownHandler()
CRITICAL - 2023-09-30 10:43:32 --> Undefined constant "App\Controllers\this"
in APPPATH\Controllers\Login2.php on line 22.
 1 SYSTEMPATH\CodeIgniter.php(919): App\Controllers\Login2->index()
 2 SYSTEMPATH\CodeIgniter.php(494): CodeIgniter\CodeIgniter->runController(Object(App\Controllers\Login2))
 3 SYSTEMPATH\CodeIgniter.php(353): CodeIgniter\CodeIgniter->handleRequest(null, Object(Config\Cache), false)
 4 FCPATH\index.php(79): CodeIgniter\CodeIgniter->run()
CRITICAL - 2023-09-30 10:44:37 --> Call to undefined function App\Controllers\getMethod()
in APPPATH\Controllers\Login2.php on line 22.
 1 SYSTEMPATH\CodeIgniter.php(919): App\Controllers\Login2->index()
 2 SYSTEMPATH\CodeIgniter.php(494): CodeIgniter\CodeIgniter->runController(Object(App\Controllers\Login2))
 3 SYSTEMPATH\CodeIgniter.php(353): CodeIgniter\CodeIgniter->handleRequest(null, Object(Config\Cache), false)
 4 FCPATH\index.php(79): CodeIgniter\CodeIgniter->run()
CRITICAL - 2023-09-30 12:17:47 --> Unclosed '{' on line 12 does not match ']'
in APPPATH\Config\Validation.php on line 75.
 1 SYSTEMPATH\Autoloader\Autoloader.php(285): CodeIgniter\Autoloader\Autoloader->includeFile('C:\\xampp\\htdocs\\CI4-FV1\\app\\Config\\Validation.php')
 2 SYSTEMPATH\Autoloader\Autoloader.php(263): CodeIgniter\Autoloader\Autoloader->loadInNamespace('Config\\Validation')
 3 [internal function]: CodeIgniter\Autoloader\Autoloader->loadClass('Config\\Validation')
 4 SYSTEMPATH\Config\Factories.php(277): class_exists('Config\\Validation')
 5 SYSTEMPATH\Config\Factories.php(196): CodeIgniter\Config\Factories::locateClass([...], 'Config\\Validation')
 6 SYSTEMPATH\Config\Factories.php(155): CodeIgniter\Config\Factories::getDefinedInstance([...], 'Config\\Validation', [])
 7 SYSTEMPATH\Common.php(217): CodeIgniter\Config\Factories::__callStatic('config', [])
 8 SYSTEMPATH\Config\Services.php(815): config('Config\\Validation')
 9 SYSTEMPATH\Config\BaseService.php(258): CodeIgniter\Config\Services::validation(null, false)
10 SYSTEMPATH\Config\BaseService.php(199): CodeIgniter\Config\BaseService::__callStatic('validation', [...])
11 SYSTEMPATH\Config\Services.php(812): CodeIgniter\Config\BaseService::getSharedInstance('validation', null)
12 SYSTEMPATH\Config\BaseService.php(258): CodeIgniter\Config\Services::validation()
13 APPPATH\Controllers\Login4.php(21): CodeIgniter\Config\BaseService::__callStatic('validation', [])
14 SYSTEMPATH\CodeIgniter.php(919): App\Controllers\Login4->index()
15 SYSTEMPATH\CodeIgniter.php(494): CodeIgniter\CodeIgniter->runController(Object(App\Controllers\Login4))
16 SYSTEMPATH\CodeIgniter.php(353): CodeIgniter\CodeIgniter->handleRequest(null, Object(Config\Cache), false)
17 FCPATH\index.php(79): CodeIgniter\CodeIgniter->run()
CRITICAL - 2023-09-30 12:18:59 --> "userlogin" is not a valid rule.
in SYSTEMPATH\Controller.php on line 182.
 1 SYSTEMPATH\Controller.php(182): CodeIgniter\Validation\Exceptions\ValidationException::forRuleNotFound('userlogin')
 2 SYSTEMPATH\Controller.php(148): CodeIgniter\Controller->setValidator('userlogin', [])
 3 APPPATH\Controllers\Login4.php(29): CodeIgniter\Controller->validate('userlogin')
 4 SYSTEMPATH\CodeIgniter.php(919): App\Controllers\Login4->index()
 5 SYSTEMPATH\CodeIgniter.php(494): CodeIgniter\CodeIgniter->runController(Object(App\Controllers\Login4))
 6 SYSTEMPATH\CodeIgniter.php(353): CodeIgniter\CodeIgniter->handleRequest(null, Object(Config\Cache), false)
 7 FCPATH\index.php(79): CodeIgniter\CodeIgniter->run()
